/data/projects/klab/rutgers-r21/derivatives/fsl/sub-180/preproc_task-rest_run-001_stim-_sm-6
/data/projects/klab/rutgers-r21/derivatives/fsl/sub-180/preproc_task-rest_run-001_stim-SHAMBOTH_sm-6
/data/projects/klab/rutgers-r21/derivatives/fsl/sub-189/preproc_task-rest_run-001_stim-VLPFC_sm-6
/data/projects/klab/rutgers-r21/derivatives/fsl/sub-212/preproc_task-rest_run-01_stim-SHAMBOTH_sm-6
/data/projects/klab/rutgers-r21/derivatives/fsl/sub-212/preproc_task-rest_run-02_stim-RPTJ_sm-6
/data/projects/klab/rutgers-r21/derivatives/fsl/sub-212/preproc_task-rest_run-01_stim-SHAMBOTH_sm-6
/data/projects/klab/rutgers-r21/derivatives/fsl/sub-218/preproc_task-rest_run-03_stim-VLPFC_sm-6
/data/projects/klab/rutgers-r21/derivatives/fsl/sub-218/preproc_task-rest_run-02_stim-RPTJ_sm-6
/data/projects/klab/rutgers-r21/derivatives/Tensor_ICA/sub-212/preproc_task-rest_run-02_stim-RPTJ_sm-6
/data/projects/klab/rutgers-r21/derivatives/Tensor_ICA/sub-212/preproc_task-rest_run-01_stim-SHAMBOTH_sm-6
/data/projects/klab/rutgers-r21/derivatives/Tensor_ICA/sub-218/preproc_task-rest_run-03_stim-VLPFC_sm-6
/data/projects/klab/rutgers-r21/derivatives/Tensor_ICA/sub-218/preproc_task-rest_run-04_stim-BOTH_sm-6
/data/projects/klab/rutgers-r21/derivatives/Tensor_ICA/sub-218/preproc_task-rest_run-02_stim-RPTJ_sm-6
/data/projects/klab/rutgers-r21/derivatives/Tensor_ICA/sub-212/preproc_task-rest_run-02_stim-RPTJ_sm-6
/data/projects/klab/rutgers-r21/derivatives/Tensor_ICA/sub-212/preproc_task-rest_run-01_stim-SHAMBOTH_sm-6
/data/projects/klab/rutgers-r21/derivatives/Tensor_ICA/sub-212/preproc_task-rest_run-01_stim-SHAMBOTH_sm-6
/data/projects/klab/rutgers-r21/derivatives/Tensor_ICA/sub-218/preproc_task-rest_run-03_stim-VLPFC_sm-6
/data/projects/klab/rutgers-r21/derivatives/Tensor_ICA/sub-212/preproc_task-rest_run-01_stim-SHAMBOTH_sm-6
/data/projects/klab/rutgers-r21/derivatives/Tensor_ICA/sub-218/preproc_task-rest_run-03_stim-VLPFC_sm-6
/data/projects/klab/rutgers-r21/derivatives/Tensor_ICA/sub-218/preproc_task-rest_run-01_stim-SHAMBOTH_sm-6
/data/projects/klab/rutgers-r21/derivatives/Tensor_ICA/sub-218/preproc_task-rest_run-04_stim-BOTH_sm-6
/data/projects/klab/rutgers-r21/derivatives/Tensor_ICA/sub-218/preproc_task-rest_run-02_stim-RPTJ_sm-6
/data/projects/klab/rutgers-r21/derivatives/Tensor_ICA/sub-228/preproc_task-rest_run-01_stim-SHAMBOTH_sm-6
/data/projects/klab/rutgers-r21/derivatives/Tensor_ICA/sub-228/preproc_task-rest_run-04_stim-BOTH_sm-6
/data/projects/klab/rutgers-r21/derivatives/Tensor_ICA/sub-228/preproc_task-rest_run-03_stim-VLPFC_sm-6
/data/projects/klab/rutgers-r21/derivatives/Tensor_ICA/sub-228/preproc_task-rest_run-02_stim-RPTJ_sm-6
/data/projects/klab/rutgers-r21/derivatives/Tensor_ICA/sub-221/preproc_task-rest_run-04_stim-RPTJ_sm-6
/data/projects/klab/rutgers-r21/derivatives/Tensor_ICA/sub-221/preproc_task-rest_run-02_stim-SHAMBOTH_sm-6
/data/projects/klab/rutgers-r21/derivatives/Tensor_ICA/sub-212/preproc_task-rest_run-02_stim-RPTJ_sm-6
/data/projects/klab/rutgers-r21/derivatives/Tensor_ICA/sub-212/preproc_task-rest_run-01_stim-SHAMBOTH_sm-6
/data/projects/klab/rutgers-r21/derivatives/Tensor_ICA/sub-218/preproc_task-rest_run-03_stim-VLPFC_sm-6
/data/projects/klab/rutgers-r21/derivatives/Tensor_ICA/sub-218/preproc_task-rest_run-01_stim-SHAMBOTH_sm-6
/data/projects/klab/rutgers-r21/derivatives/Tensor_ICA/sub-218/preproc_task-rest_run-04_stim-BOTH_sm-6
/data/projects/klab/rutgers-r21/derivatives/Tensor_ICA/sub-218/preproc_task-rest_run-02_stim-RPTJ_sm-6
/data/projects/klab/rutgers-r21/derivatives/Tensor_ICA/sub-228/preproc_task-rest_run-01_stim-SHAMBOTH_sm-6
/data/projects/klab/rutgers-r21/derivatives/Tensor_ICA/sub-228/preproc_task-rest_run-04_stim-BOTH_sm-6
/data/projects/klab/rutgers-r21/derivatives/Tensor_ICA/sub-228/preproc_task-rest_run-03_stim-VLPFC_sm-6
/data/projects/klab/rutgers-r21/derivatives/Tensor_ICA/sub-228/preproc_task-rest_run-02_stim-RPTJ_sm-6
/data/projects/klab/rutgers-r21/derivatives/Tensor_ICA/sub-221/preproc_task-rest_run-04_stim-RPTJ_sm-6
/data/projects/klab/rutgers-r21/derivatives/Tensor_ICA/sub-221/preproc_task-rest_run-02_stim-SHAMBOTH_sm-6
/data/projects/klab/rutgers-r21/derivatives/Tensor_ICA/sub-221/preproc_task-rest_run-01_stim-VLPFC_sm-6
/data/projects/klab/rutgers-r21/derivatives/Tensor_ICA/sub-221/preproc_task-rest_run-03_stim-BOTH_sm-6
/data/projects/klab/rutgers-r21/derivatives/Tensor_ICA/sub-213/preproc_task-rest_run-04_stim-BOTH_sm-6
/data/projects/klab/rutgers-r21/derivatives/Tensor_ICA/sub-213/preproc_task-rest_run-02_stim-RPTJ_sm-6
/data/projects/klab/rutgers-r21/derivatives/Tensor_ICA/sub-213/preproc_task-rest_run-01_stim-SHAMBOTH_sm-6
/data/projects/klab/rutgers-r21/derivatives/Tensor_ICA/sub-213/preproc_task-rest_run-03_stim-VLPFC_sm-6
/data/projects/klab/rutgers-r21/derivatives/Tensor_ICA/sub-215/preproc_task-rest_run-01_stim-VLPFC_sm-6
/data/projects/klab/rutgers-r21/derivatives/Tensor_ICA/sub-215/preproc_task-rest_run-02_stim-SHAMBOTH_sm-6
/data/projects/klab/rutgers-r21/derivatives/Tensor_ICA/sub-215/preproc_task-rest_run-03_stim-BOTH_sm-6
/data/projects/klab/rutgers-r21/derivatives/Tensor_ICA/sub-215/preproc_task-rest_run-04_stim-RPTJ_sm-6
/data/projects/klab/rutgers-r21/derivatives/Tensor_ICA/sub-227/preproc_task-rest_run-02_stim-SHAMBOTH_sm-6
/data/projects/klab/rutgers-r21/derivatives/Tensor_ICA/sub-227/preproc_task-rest_run-03_stim-BOTH_sm-6
/data/projects/klab/rutgers-r21/derivatives/Tensor_ICA/sub-227/preproc_task-rest_run-01_stim-VLPFC_sm-6
/data/projects/klab/rutgers-r21/derivatives/Tensor_ICA/sub-227/preproc_task-rest_run-04_stim-RPTJ_sm-6
/data/projects/klab/rutgers-r21/derivatives/Tensor_ICA/sub-231/preproc_task-rest_run-02_stim-BOTH_sm-6
/data/projects/klab/rutgers-r21/derivatives/Tensor_ICA/sub-231/preproc_task-rest_run-04_stim-VLPFC_sm-6
/data/projects/klab/rutgers-r21/derivatives/Tensor_ICA/sub-231/preproc_task-rest_run-03_stim-SHAMBOTH_sm-6
/data/projects/klab/rutgers-r21/derivatives/Tensor_ICA/sub-231/preproc_task-rest_run-01_stim-RPTJ_sm-6
/data/projects/klab/rutgers-r21/derivatives/Tensor_ICA/sub-210/preproc_task-rest_run-04_stim-VLPFC_sm-6
/data/projects/klab/rutgers-r21/derivatives/Tensor_ICA/sub-210/preproc_task-rest_run-02_stim-BOTH_sm-6
/data/projects/klab/rutgers-r21/derivatives/Tensor_ICA/sub-210/preproc_task-rest_run-03_stim-SHAMBOTH_sm-6
/data/projects/klab/rutgers-r21/derivatives/Tensor_ICA/sub-224/preproc_task-rest_run-01_stim-VLPFC_sm-6
/data/projects/klab/rutgers-r21/derivatives/Tensor_ICA/sub-210/preproc_task-rest_run-01_stim-RPTJ_sm-6
/data/projects/klab/rutgers-r21/derivatives/Tensor_ICA/sub-222/preproc_task-rest_run-02_stim-BOTH_sm-6
/data/projects/klab/rutgers-r21/derivatives/Tensor_ICA/sub-222/preproc_task-rest_run-03_stim-SHAMBOTH_sm-6
/data/projects/klab/rutgers-r21/derivatives/Tensor_ICA/sub-222/preproc_task-rest_run-04_stim-VLPFC_sm-6
/data/projects/klab/rutgers-r21/derivatives/Tensor_ICA/sub-222/preproc_task-rest_run-01_stim-RPTJ_sm-6
/data/projects/klab/rutgers-r21/derivatives/Tensor_ICA/sub-220/preproc_task-rest_run-03_stim-BOTH_sm-6
/data/projects/klab/rutgers-r21/derivatives/Tensor_ICA/sub-220/preproc_task-rest_run-01_stim-VLPFC_sm-6
/data/projects/klab/rutgers-r21/derivatives/Tensor_ICA/sub-220/preproc_task-rest_run-04_stim-RPTJ_sm-6
/data/projects/klab/rutgers-r21/derivatives/Tensor_ICA/sub-220/preproc_task-rest_run-02_stim-SHAMBOTH_sm-6
/data/projects/klab/rutgers-r21/derivatives/Tensor_ICA/sub-189/preproc_task-rest_run-03_stim-BOTH_sm-6
/data/projects/klab/rutgers-r21/derivatives/Tensor_ICA/sub-189/preproc_task-rest_run-02_stim-SHAMBOTH_sm-6
/data/projects/klab/rutgers-r21/derivatives/Tensor_ICA/sub-189/preproc_task-rest_run-01_stim-VLPFC_sm-6
/data/projects/klab/rutgers-r21/derivatives/Tensor_ICA/sub-189/preproc_task-rest_run-04_stim-RPTJ_sm-6
/data/projects/klab/rutgers-r21/derivatives/Tensor_ICA/sub-223/preproc_task-rest_run-04_stim-BOTH_sm-6
/data/projects/klab/rutgers-r21/derivatives/Tensor_ICA/sub-223/preproc_task-rest_run-02_stim-RPTJ_sm-6
/data/projects/klab/rutgers-r21/derivatives/Tensor_ICA/sub-223/preproc_task-rest_run-03_stim-VLPFC_sm-6
/data/projects/klab/rutgers-r21/derivatives/Tensor_ICA/sub-223/preproc_task-rest_run-01_stim-SHAMBOTH_sm-6
/data/projects/klab/rutgers-r21/derivatives/Tensor_ICA/sub-209/preproc_task-rest_run-03_stim-VLPFC_sm-6
/data/projects/klab/rutgers-r21/derivatives/Tensor_ICA/sub-209/preproc_task-rest_run-01_stim-SHAMBOTH_sm-6
/data/projects/klab/rutgers-r21/derivatives/Tensor_ICA/sub-234/preproc_task-rest_run-04_stim-SHAMBOTH_sm-6
/data/projects/klab/rutgers-r21/derivatives/Tensor_ICA/sub-234/preproc_task-rest_run-02_stim-VLPFC_sm-6
/data/projects/klab/rutgers-r21/derivatives/Tensor_ICA/sub-209/preproc_task-rest_run-04_stim-BOTH_sm-6
/data/projects/klab/rutgers-r21/derivatives/Tensor_ICA/sub-209/preproc_task-rest_run-02_stim-RPTJ_sm-6
/data/projects/klab/rutgers-r21/derivatives/Tensor_ICA/sub-234/preproc_task-rest_run-01_stim-BOTH_sm-6
/data/projects/klab/rutgers-r21/derivatives/Tensor_ICA/sub-214/preproc_task-rest_run-03_stim-RPTJ_sm-6
/data/projects/klab/rutgers-r21/derivatives/Tensor_ICA/sub-234/preproc_task-rest_run-03_stim-RPTJ_sm-6
/data/projects/klab/rutgers-r21/derivatives/Tensor_ICA/sub-214/preproc_task-rest_run-04_stim-SHAMBOTH_sm-6
/data/projects/klab/rutgers-r21/derivatives/Tensor_ICA/sub-214/preproc_task-rest_run-02_stim-VLPFC_sm-6
/data/projects/klab/rutgers-r21/derivatives/Tensor_ICA/sub-214/preproc_task-rest_run-01_stim-BOTH_sm-6
/data/projects/klab/rutgers-r21/derivatives/Tensor_ICA/sub-207/preproc_task-rest_run-02_stim-SHAMBOTH_sm-6
/data/projects/klab/rutgers-r21/derivatives/Tensor_ICA/sub-207/preproc_task-rest_run-04_stim-RPTJ_sm-6
/data/projects/klab/rutgers-r21/derivatives/Tensor_ICA/sub-207/preproc_task-rest_run-01_stim-VLPFC_sm-6
/data/projects/klab/rutgers-r21/derivatives/Tensor_ICA/sub-207/preproc_task-rest_run-03_stim-BOTH_sm-6
/data/projects/klab/rutgers-r21/derivatives/Tensor_ICA/sub-203/preproc_task-rest_run-04_stim-VLPFC_sm-6
/data/projects/klab/rutgers-r21/derivatives/Tensor_ICA/sub-203/preproc_task-rest_run-03_stim-SHAMBOTH_sm-6
/data/projects/klab/rutgers-r21/derivatives/Tensor_ICA/sub-203/preproc_task-rest_run-01_stim-RPTJ_sm-6
/data/projects/klab/rutgers-r21/derivatives/Tensor_ICA/sub-203/preproc_task-rest_run-02_stim-BOTH_sm-6
/data/projects/klab/rutgers-r21/derivatives/Tensor_ICA/sub-219/preproc_task-rest_run-01_stim-BOTH_sm-6
/data/projects/klab/rutgers-r21/derivatives/Tensor_ICA/sub-219/preproc_task-rest_run-02_stim-VLPFC_sm-6
/data/projects/klab/rutgers-r21/derivatives/Tensor_ICA/sub-219/preproc_task-rest_run-04_stim-SHAMBOTH_sm-6
/data/projects/klab/rutgers-r21/derivatives/Tensor_ICA/sub-219/preproc_task-rest_run-03_stim-RPTJ_sm-6
/data/projects/klab/rutgers-r21/derivatives/Tensor_ICA/sub-217/preproc_task-rest_run-04_stim-VLPFC_sm-6
/data/projects/klab/rutgers-r21/derivatives/Tensor_ICA/sub-217/preproc_task-rest_run-02_stim-BOTH_sm-6
/data/projects/klab/rutgers-r21/derivatives/Tensor_ICA/sub-217/preproc_task-rest_run-01_stim-RPTJ_sm-6
/data/projects/klab/rutgers-r21/derivatives/Tensor_ICA/sub-217/preproc_task-rest_run-03_stim-SHAMBOTH_sm-6
/data/projects/klab/rutgers-r21/derivatives/Tensor_ICA/sub-211/preproc_task-rest_run-04_stim-SHAMBOTH_sm-6
/data/projects/klab/rutgers-r21/derivatives/Tensor_ICA/sub-211/preproc_task-rest_run-03_stim-RPTJ_sm-6
/data/projects/klab/rutgers-r21/derivatives/Tensor_ICA/sub-225/preproc_task-rest_run-01_stim-BOTH_sm-6
/data/projects/klab/rutgers-r21/derivatives/Tensor_ICA/sub-211/preproc_task-rest_run-02_stim-VLPFC_sm-6
/data/projects/klab/rutgers-r21/derivatives/Tensor_ICA/sub-211/preproc_task-rest_run-01_stim-BOTH_sm-6
/data/projects/klab/rutgers-r21/derivatives/Tensor_ICA/sub-225/preproc_task-rest_run-04_stim-SHAMBOTH_sm-6
/data/projects/klab/rutgers-r21/derivatives/Tensor_ICA/sub-225/preproc_task-rest_run-03_stim-RPTJ_sm-6
/data/projects/klab/rutgers-r21/derivatives/Tensor_ICA/sub-225/preproc_task-rest_run-02_stim-VLPFC_sm-6
/data/projects/klab/rutgers-r21/derivatives/Tensor_ICA/sub-208/preproc_task-rest_run-04_stim-SHAMBOTH_sm-6
/data/projects/klab/rutgers-r21/derivatives/Tensor_ICA/sub-208/preproc_task-rest_run-01_stim-BOTH_sm-6
/data/projects/klab/rutgers-r21/derivatives/Tensor_ICA/sub-208/preproc_task-rest_run-02_stim-VLPFC_sm-6
/data/projects/klab/rutgers-r21/derivatives/Tensor_ICA/sub-208/preproc_task-rest_run-03_stim-RPTJ_sm-6
/data/projects/klab/rutgers-r21/derivatives/Tensor_ICA/sub-230/preproc_task-rest_run-04_stim-BOTH_sm-6
/data/projects/klab/rutgers-r21/derivatives/Tensor_ICA/sub-230/preproc_task-rest_run-03_stim-VLPFC_sm-6
/data/projects/klab/rutgers-r21/derivatives/Tensor_ICA/sub-230/preproc_task-rest_run-01_stim-SHAMBOTH_sm-6
/data/projects/klab/rutgers-r21/derivatives/Tensor_ICA/sub-230/preproc_task-rest_run-02_stim-RPTJ_sm-6
/data/projects/klab/rutgers-r21/derivatives/Tensor_ICA/sub-212/preproc_task-rest_run-02_stim-RPTJ_sm-6
/data/projects/klab/rutgers-r21/derivatives/Tensor_ICA/sub-212/preproc_task-rest_run-01_stim-SHAMBOTH_sm-6
/data/projects/klab/rutgers-r21/derivatives/Tensor_ICA/sub-218/preproc_task-rest_run-03_stim-VLPFC_sm-6
/data/projects/klab/rutgers-r21/derivatives/Tensor_ICA/sub-218/preproc_task-rest_run-01_stim-SHAMBOTH_sm-6
/data/projects/klab/rutgers-r21/derivatives/Tensor_ICA/sub-218/preproc_task-rest_run-04_stim-BOTH_sm-6
/data/projects/klab/rutgers-r21/derivatives/Tensor_ICA/sub-218/preproc_task-rest_run-02_stim-RPTJ_sm-6
/data/projects/klab/rutgers-r21/derivatives/Tensor_ICA/sub-228/preproc_task-rest_run-01_stim-SHAMBOTH_sm-6
/data/projects/klab/rutgers-r21/derivatives/Tensor_ICA/sub-228/preproc_task-rest_run-04_stim-BOTH_sm-6
/data/projects/klab/rutgers-r21/derivatives/Tensor_ICA/sub-228/preproc_task-rest_run-03_stim-VLPFC_sm-6
/data/projects/klab/rutgers-r21/derivatives/Tensor_ICA/sub-228/preproc_task-rest_run-02_stim-RPTJ_sm-6
/data/projects/klab/rutgers-r21/derivatives/Tensor_ICA/sub-221/preproc_task-rest_run-04_stim-RPTJ_sm-6
/data/projects/klab/rutgers-r21/derivatives/Tensor_ICA/sub-221/preproc_task-rest_run-02_stim-SHAMBOTH_sm-6
/data/projects/klab/rutgers-r21/derivatives/Tensor_ICA/sub-221/preproc_task-rest_run-01_stim-VLPFC_sm-6
/data/projects/klab/rutgers-r21/derivatives/Tensor_ICA/sub-221/preproc_task-rest_run-03_stim-BOTH_sm-6
/data/projects/klab/rutgers-r21/derivatives/Tensor_ICA/sub-213/preproc_task-rest_run-02_stim-RPTJ_sm-6
/data/projects/klab/rutgers-r21/derivatives/Tensor_ICA/sub-213/preproc_task-rest_run-01_stim-SHAMBOTH_sm-6
/data/projects/klab/rutgers-r21/derivatives/Tensor_ICA/sub-213/preproc_task-rest_run-04_stim-BOTH_sm-6
/data/projects/klab/rutgers-r21/derivatives/Tensor_ICA/sub-213/preproc_task-rest_run-03_stim-VLPFC_sm-6
/data/projects/klab/rutgers-r21/derivatives/Tensor_ICA/sub-215/preproc_task-rest_run-01_stim-VLPFC_sm-6
/data/projects/klab/rutgers-r21/derivatives/Tensor_ICA/sub-215/preproc_task-rest_run-02_stim-SHAMBOTH_sm-6
/data/projects/klab/rutgers-r21/derivatives/Tensor_ICA/sub-215/preproc_task-rest_run-04_stim-RPTJ_sm-6
/data/projects/klab/rutgers-r21/derivatives/Tensor_ICA/sub-215/preproc_task-rest_run-03_stim-BOTH_sm-6
/data/projects/klab/rutgers-r21/derivatives/Tensor_ICA/sub-227/preproc_task-rest_run-02_stim-SHAMBOTH_sm-6
/data/projects/klab/rutgers-r21/derivatives/Tensor_ICA/sub-227/preproc_task-rest_run-03_stim-BOTH_sm-6
/data/projects/klab/rutgers-r21/derivatives/Tensor_ICA/sub-227/preproc_task-rest_run-01_stim-VLPFC_sm-6
/data/projects/klab/rutgers-r21/derivatives/Tensor_ICA/sub-227/preproc_task-rest_run-04_stim-RPTJ_sm-6
/data/projects/klab/rutgers-r21/derivatives/Tensor_ICA/sub-231/preproc_task-rest_run-02_stim-BOTH_sm-6
/data/projects/klab/rutgers-r21/derivatives/Tensor_ICA/sub-231/preproc_task-rest_run-04_stim-VLPFC_sm-6
/data/projects/klab/rutgers-r21/derivatives/Tensor_ICA/sub-231/preproc_task-rest_run-03_stim-SHAMBOTH_sm-6
/data/projects/klab/rutgers-r21/derivatives/Tensor_ICA/sub-231/preproc_task-rest_run-01_stim-RPTJ_sm-6
/data/projects/klab/rutgers-r21/derivatives/Tensor_ICA/sub-210/preproc_task-rest_run-02_stim-BOTH_sm-6
/data/projects/klab/rutgers-r21/derivatives/Tensor_ICA/sub-210/preproc_task-rest_run-04_stim-VLPFC_sm-6
/data/projects/klab/rutgers-r21/derivatives/Tensor_ICA/sub-210/preproc_task-rest_run-03_stim-SHAMBOTH_sm-6
/data/projects/klab/rutgers-r21/derivatives/Tensor_ICA/sub-210/preproc_task-rest_run-01_stim-RPTJ_sm-6
/data/projects/klab/rutgers-r21/derivatives/Tensor_ICA/sub-224/preproc_task-rest_run-01_stim-VLPFC_sm-6
/data/projects/klab/rutgers-r21/derivatives/Tensor_ICA/sub-222/preproc_task-rest_run-02_stim-BOTH_sm-6
/data/projects/klab/rutgers-r21/derivatives/Tensor_ICA/sub-222/preproc_task-rest_run-03_stim-SHAMBOTH_sm-6
/data/projects/klab/rutgers-r21/derivatives/Tensor_ICA/sub-222/preproc_task-rest_run-01_stim-RPTJ_sm-6
/data/projects/klab/rutgers-r21/derivatives/Tensor_ICA/sub-222/preproc_task-rest_run-04_stim-VLPFC_sm-6
/data/projects/klab/rutgers-r21/derivatives/Tensor_ICA/sub-220/preproc_task-rest_run-03_stim-BOTH_sm-6
/data/projects/klab/rutgers-r21/derivatives/Tensor_ICA/sub-220/preproc_task-rest_run-01_stim-VLPFC_sm-6
/data/projects/klab/rutgers-r21/derivatives/Tensor_ICA/sub-220/preproc_task-rest_run-04_stim-RPTJ_sm-6
/data/projects/klab/rutgers-r21/derivatives/Tensor_ICA/sub-220/preproc_task-rest_run-02_stim-SHAMBOTH_sm-6
/data/projects/klab/rutgers-r21/derivatives/Tensor_ICA/sub-189/preproc_task-rest_run-03_stim-BOTH_sm-6
/data/projects/klab/rutgers-r21/derivatives/Tensor_ICA/sub-189/preproc_task-rest_run-02_stim-SHAMBOTH_sm-6
/data/projects/klab/rutgers-r21/derivatives/Tensor_ICA/sub-189/preproc_task-rest_run-01_stim-VLPFC_sm-6
/data/projects/klab/rutgers-r21/derivatives/Tensor_ICA/sub-189/preproc_task-rest_run-04_stim-RPTJ_sm-6
/data/projects/klab/rutgers-r21/derivatives/Tensor_ICA/sub-223/preproc_task-rest_run-04_stim-BOTH_sm-6
/data/projects/klab/rutgers-r21/derivatives/Tensor_ICA/sub-223/preproc_task-rest_run-02_stim-RPTJ_sm-6
/data/projects/klab/rutgers-r21/derivatives/Tensor_ICA/sub-223/preproc_task-rest_run-03_stim-VLPFC_sm-6
/data/projects/klab/rutgers-r21/derivatives/Tensor_ICA/sub-223/preproc_task-rest_run-01_stim-SHAMBOTH_sm-6
/data/projects/klab/rutgers-r21/derivatives/Tensor_ICA/sub-209/preproc_task-rest_run-01_stim-SHAMBOTH_sm-6
/data/projects/klab/rutgers-r21/derivatives/Tensor_ICA/sub-209/preproc_task-rest_run-03_stim-VLPFC_sm-6
/data/projects/klab/rutgers-r21/derivatives/Tensor_ICA/sub-209/preproc_task-rest_run-02_stim-RPTJ_sm-6
/data/projects/klab/rutgers-r21/derivatives/Tensor_ICA/sub-209/preproc_task-rest_run-04_stim-BOTH_sm-6
/data/projects/klab/rutgers-r21/derivatives/Tensor_ICA/sub-234/preproc_task-rest_run-04_stim-SHAMBOTH_sm-6
/data/projects/klab/rutgers-r21/derivatives/Tensor_ICA/sub-234/preproc_task-rest_run-02_stim-VLPFC_sm-6
/data/projects/klab/rutgers-r21/derivatives/Tensor_ICA/sub-234/preproc_task-rest_run-01_stim-BOTH_sm-6
/data/projects/klab/rutgers-r21/derivatives/Tensor_ICA/sub-234/preproc_task-rest_run-03_stim-RPTJ_sm-6
/data/projects/klab/rutgers-r21/derivatives/Tensor_ICA/sub-214/preproc_task-rest_run-03_stim-RPTJ_sm-6
/data/projects/klab/rutgers-r21/derivatives/Tensor_ICA/sub-214/preproc_task-rest_run-02_stim-VLPFC_sm-6
/data/projects/klab/rutgers-r21/derivatives/Tensor_ICA/sub-214/preproc_task-rest_run-04_stim-SHAMBOTH_sm-6
/data/projects/klab/rutgers-r21/derivatives/Tensor_ICA/sub-214/preproc_task-rest_run-01_stim-BOTH_sm-6
/data/projects/klab/rutgers-r21/derivatives/Tensor_ICA/sub-207/preproc_task-rest_run-02_stim-SHAMBOTH_sm-6
/data/projects/klab/rutgers-r21/derivatives/Tensor_ICA/sub-207/preproc_task-rest_run-04_stim-RPTJ_sm-6
/data/projects/klab/rutgers-r21/derivatives/Tensor_ICA/sub-207/preproc_task-rest_run-01_stim-VLPFC_sm-6
/data/projects/klab/rutgers-r21/derivatives/Tensor_ICA/sub-207/preproc_task-rest_run-03_stim-BOTH_sm-6
/data/projects/klab/rutgers-r21/derivatives/Tensor_ICA/sub-203/preproc_task-rest_run-04_stim-VLPFC_sm-6
/data/projects/klab/rutgers-r21/derivatives/Tensor_ICA/sub-203/preproc_task-rest_run-03_stim-SHAMBOTH_sm-6
/data/projects/klab/rutgers-r21/derivatives/Tensor_ICA/sub-203/preproc_task-rest_run-01_stim-RPTJ_sm-6
/data/projects/klab/rutgers-r21/derivatives/Tensor_ICA/sub-203/preproc_task-rest_run-02_stim-BOTH_sm-6
/data/projects/klab/rutgers-r21/derivatives/Tensor_ICA/sub-219/preproc_task-rest_run-01_stim-BOTH_sm-6
/data/projects/klab/rutgers-r21/derivatives/Tensor_ICA/sub-219/preproc_task-rest_run-03_stim-RPTJ_sm-6
/data/projects/klab/rutgers-r21/derivatives/Tensor_ICA/sub-219/preproc_task-rest_run-02_stim-VLPFC_sm-6
/data/projects/klab/rutgers-r21/derivatives/Tensor_ICA/sub-219/preproc_task-rest_run-04_stim-SHAMBOTH_sm-6
/data/projects/klab/rutgers-r21/derivatives/Tensor_ICA/sub-217/preproc_task-rest_run-04_stim-VLPFC_sm-6
/data/projects/klab/rutgers-r21/derivatives/Tensor_ICA/sub-217/preproc_task-rest_run-02_stim-BOTH_sm-6
/data/projects/klab/rutgers-r21/derivatives/Tensor_ICA/sub-217/preproc_task-rest_run-01_stim-RPTJ_sm-6
/data/projects/klab/rutgers-r21/derivatives/Tensor_ICA/sub-217/preproc_task-rest_run-03_stim-SHAMBOTH_sm-6
/data/projects/klab/rutgers-r21/derivatives/Tensor_ICA/sub-211/preproc_task-rest_run-03_stim-RPTJ_sm-6
/data/projects/klab/rutgers-r21/derivatives/Tensor_ICA/sub-211/preproc_task-rest_run-04_stim-SHAMBOTH_sm-6
/data/projects/klab/rutgers-r21/derivatives/Tensor_ICA/sub-211/preproc_task-rest_run-01_stim-BOTH_sm-6
/data/projects/klab/rutgers-r21/derivatives/Tensor_ICA/sub-211/preproc_task-rest_run-02_stim-VLPFC_sm-6
/data/projects/klab/rutgers-r21/derivatives/Tensor_ICA/sub-225/preproc_task-rest_run-01_stim-BOTH_sm-6
/data/projects/klab/rutgers-r21/derivatives/Tensor_ICA/sub-225/preproc_task-rest_run-04_stim-SHAMBOTH_sm-6
/data/projects/klab/rutgers-r21/derivatives/Tensor_ICA/sub-225/preproc_task-rest_run-03_stim-RPTJ_sm-6
/data/projects/klab/rutgers-r21/derivatives/Tensor_ICA/sub-225/preproc_task-rest_run-02_stim-VLPFC_sm-6
/data/projects/klab/rutgers-r21/derivatives/Tensor_ICA/sub-208/preproc_task-rest_run-04_stim-SHAMBOTH_sm-6
/data/projects/klab/rutgers-r21/derivatives/Tensor_ICA/sub-208/preproc_task-rest_run-01_stim-BOTH_sm-6
/data/projects/klab/rutgers-r21/derivatives/Tensor_ICA/sub-208/preproc_task-rest_run-02_stim-VLPFC_sm-6
/data/projects/klab/rutgers-r21/derivatives/Tensor_ICA/sub-208/preproc_task-rest_run-03_stim-RPTJ_sm-6
/data/projects/klab/rutgers-r21/derivatives/Tensor_ICA/sub-230/preproc_task-rest_run-02_stim-RPTJ_sm-6
/data/projects/klab/rutgers-r21/derivatives/Tensor_ICA/sub-230/preproc_task-rest_run-04_stim-BOTH_sm-6
/data/projects/klab/rutgers-r21/derivatives/Tensor_ICA/sub-230/preproc_task-rest_run-03_stim-VLPFC_sm-6
/data/projects/klab/rutgers-r21/derivatives/Tensor_ICA/sub-230/preproc_task-rest_run-01_stim-SHAMBOTH_sm-6
/data/projects/klab/rutgers-r21/derivatives/Tensor_ICA/sub-230/preproc_task-rest_run-02_stim-RPTJ_sm-6
/data/projects/klab/rutgers-r21/derivatives/Tensor_ICA/sub-230/preproc_task-rest_run-04_stim-BOTH_sm-6
/data/projects/klab/rutgers-r21/derivatives/Tensor_ICA/sub-230/preproc_task-rest_run-03_stim-VLPFC_sm-6
/data/projects/klab/rutgers-r21/derivatives/Tensor_ICA/sub-230/preproc_task-rest_run-01_stim-SHAMBOTH_sm-6
/data/projects/klab/rutgers-r21/derivatives/Tensor_ICA/sub-212/preproc_task-rest_run-02_stim-RPTJ_sm-6
/data/projects/klab/rutgers-r21/derivatives/Tensor_ICA/sub-212/preproc_task-rest_run-01_stim-SHAMBOTH_sm-6
/data/projects/klab/rutgers-r21/derivatives/Tensor_ICA/sub-218/preproc_task-rest_run-03_stim-VLPFC_sm-6
/data/projects/klab/rutgers-r21/derivatives/Tensor_ICA/sub-218/preproc_task-rest_run-01_stim-SHAMBOTH_sm-6
/data/projects/klab/rutgers-r21/derivatives/Tensor_ICA/sub-218/preproc_task-rest_run-04_stim-BOTH_sm-6
/data/projects/klab/rutgers-r21/derivatives/Tensor_ICA/sub-218/preproc_task-rest_run-02_stim-RPTJ_sm-6
/data/projects/klab/rutgers-r21/derivatives/Tensor_ICA/sub-228/preproc_task-rest_run-01_stim-SHAMBOTH_sm-6
/data/projects/klab/rutgers-r21/derivatives/Tensor_ICA/sub-228/preproc_task-rest_run-04_stim-BOTH_sm-6
/data/projects/klab/rutgers-r21/derivatives/Tensor_ICA/sub-228/preproc_task-rest_run-03_stim-VLPFC_sm-6
/data/projects/klab/rutgers-r21/derivatives/Tensor_ICA/sub-228/preproc_task-rest_run-02_stim-RPTJ_sm-6
/data/projects/klab/rutgers-r21/derivatives/Tensor_ICA/sub-221/preproc_task-rest_run-04_stim-RPTJ_sm-6
/data/projects/klab/rutgers-r21/derivatives/Tensor_ICA/sub-221/preproc_task-rest_run-02_stim-SHAMBOTH_sm-6
/data/projects/klab/rutgers-r21/derivatives/Tensor_ICA/sub-221/preproc_task-rest_run-01_stim-VLPFC_sm-6
/data/projects/klab/rutgers-r21/derivatives/Tensor_ICA/sub-221/preproc_task-rest_run-03_stim-BOTH_sm-6
/data/projects/klab/rutgers-r21/derivatives/Tensor_ICA/sub-213/preproc_task-rest_run-02_stim-RPTJ_sm-6
/data/projects/klab/rutgers-r21/derivatives/Tensor_ICA/sub-213/preproc_task-rest_run-01_stim-SHAMBOTH_sm-6
/data/projects/klab/rutgers-r21/derivatives/Tensor_ICA/sub-213/preproc_task-rest_run-04_stim-BOTH_sm-6
/data/projects/klab/rutgers-r21/derivatives/Tensor_ICA/sub-213/preproc_task-rest_run-03_stim-VLPFC_sm-6
/data/projects/klab/rutgers-r21/derivatives/Tensor_ICA/sub-215/preproc_task-rest_run-01_stim-VLPFC_sm-6
/data/projects/klab/rutgers-r21/derivatives/Tensor_ICA/sub-215/preproc_task-rest_run-02_stim-SHAMBOTH_sm-6
/data/projects/klab/rutgers-r21/derivatives/Tensor_ICA/sub-215/preproc_task-rest_run-04_stim-RPTJ_sm-6
/data/projects/klab/rutgers-r21/derivatives/Tensor_ICA/sub-215/preproc_task-rest_run-03_stim-BOTH_sm-6
/data/projects/klab/rutgers-r21/derivatives/Tensor_ICA/sub-227/preproc_task-rest_run-02_stim-SHAMBOTH_sm-6
/data/projects/klab/rutgers-r21/derivatives/Tensor_ICA/sub-227/preproc_task-rest_run-03_stim-BOTH_sm-6
/data/projects/klab/rutgers-r21/derivatives/Tensor_ICA/sub-227/preproc_task-rest_run-01_stim-VLPFC_sm-6
/data/projects/klab/rutgers-r21/derivatives/Tensor_ICA/sub-227/preproc_task-rest_run-04_stim-RPTJ_sm-6
/data/projects/klab/rutgers-r21/derivatives/Tensor_ICA/sub-231/preproc_task-rest_run-02_stim-BOTH_sm-6
/data/projects/klab/rutgers-r21/derivatives/Tensor_ICA/sub-231/preproc_task-rest_run-04_stim-VLPFC_sm-6
/data/projects/klab/rutgers-r21/derivatives/Tensor_ICA/sub-231/preproc_task-rest_run-03_stim-SHAMBOTH_sm-6
/data/projects/klab/rutgers-r21/derivatives/Tensor_ICA/sub-231/preproc_task-rest_run-01_stim-RPTJ_sm-6
/data/projects/klab/rutgers-r21/derivatives/Tensor_ICA/sub-210/preproc_task-rest_run-02_stim-BOTH_sm-6
/data/projects/klab/rutgers-r21/derivatives/Tensor_ICA/sub-210/preproc_task-rest_run-04_stim-VLPFC_sm-6
/data/projects/klab/rutgers-r21/derivatives/Tensor_ICA/sub-210/preproc_task-rest_run-03_stim-SHAMBOTH_sm-6
/data/projects/klab/rutgers-r21/derivatives/Tensor_ICA/sub-210/preproc_task-rest_run-01_stim-RPTJ_sm-6
/data/projects/klab/rutgers-r21/derivatives/Tensor_ICA/sub-224/preproc_task-rest_run-01_stim-VLPFC_sm-6
/data/projects/klab/rutgers-r21/derivatives/Tensor_ICA/sub-222/preproc_task-rest_run-02_stim-BOTH_sm-6
/data/projects/klab/rutgers-r21/derivatives/Tensor_ICA/sub-222/preproc_task-rest_run-03_stim-SHAMBOTH_sm-6
/data/projects/klab/rutgers-r21/derivatives/Tensor_ICA/sub-222/preproc_task-rest_run-01_stim-RPTJ_sm-6
/data/projects/klab/rutgers-r21/derivatives/Tensor_ICA/sub-222/preproc_task-rest_run-04_stim-VLPFC_sm-6
/data/projects/klab/rutgers-r21/derivatives/Tensor_ICA/sub-220/preproc_task-rest_run-03_stim-BOTH_sm-6
/data/projects/klab/rutgers-r21/derivatives/Tensor_ICA/sub-220/preproc_task-rest_run-01_stim-VLPFC_sm-6
/data/projects/klab/rutgers-r21/derivatives/Tensor_ICA/sub-220/preproc_task-rest_run-04_stim-RPTJ_sm-6
/data/projects/klab/rutgers-r21/derivatives/Tensor_ICA/sub-220/preproc_task-rest_run-02_stim-SHAMBOTH_sm-6
/data/projects/klab/rutgers-r21/derivatives/Tensor_ICA/sub-189/preproc_task-rest_run-03_stim-BOTH_sm-6
/data/projects/klab/rutgers-r21/derivatives/Tensor_ICA/sub-189/preproc_task-rest_run-02_stim-SHAMBOTH_sm-6
/data/projects/klab/rutgers-r21/derivatives/Tensor_ICA/sub-189/preproc_task-rest_run-01_stim-VLPFC_sm-6
/data/projects/klab/rutgers-r21/derivatives/Tensor_ICA/sub-189/preproc_task-rest_run-04_stim-RPTJ_sm-6
/data/projects/klab/rutgers-r21/derivatives/Tensor_ICA/sub-223/preproc_task-rest_run-04_stim-BOTH_sm-6
/data/projects/klab/rutgers-r21/derivatives/Tensor_ICA/sub-223/preproc_task-rest_run-02_stim-RPTJ_sm-6
/data/projects/klab/rutgers-r21/derivatives/Tensor_ICA/sub-223/preproc_task-rest_run-03_stim-VLPFC_sm-6
/data/projects/klab/rutgers-r21/derivatives/Tensor_ICA/sub-223/preproc_task-rest_run-01_stim-SHAMBOTH_sm-6
/data/projects/klab/rutgers-r21/derivatives/Tensor_ICA/sub-209/preproc_task-rest_run-01_stim-SHAMBOTH_sm-6
/data/projects/klab/rutgers-r21/derivatives/Tensor_ICA/sub-209/preproc_task-rest_run-03_stim-VLPFC_sm-6
/data/projects/klab/rutgers-r21/derivatives/Tensor_ICA/sub-209/preproc_task-rest_run-02_stim-RPTJ_sm-6
/data/projects/klab/rutgers-r21/derivatives/Tensor_ICA/sub-209/preproc_task-rest_run-04_stim-BOTH_sm-6
/data/projects/klab/rutgers-r21/derivatives/Tensor_ICA/sub-234/preproc_task-rest_run-04_stim-SHAMBOTH_sm-6
/data/projects/klab/rutgers-r21/derivatives/Tensor_ICA/sub-234/preproc_task-rest_run-02_stim-VLPFC_sm-6
/data/projects/klab/rutgers-r21/derivatives/Tensor_ICA/sub-234/preproc_task-rest_run-01_stim-BOTH_sm-6
/data/projects/klab/rutgers-r21/derivatives/Tensor_ICA/sub-234/preproc_task-rest_run-03_stim-RPTJ_sm-6
/data/projects/klab/rutgers-r21/derivatives/Tensor_ICA/sub-214/preproc_task-rest_run-03_stim-RPTJ_sm-6
/data/projects/klab/rutgers-r21/derivatives/Tensor_ICA/sub-214/preproc_task-rest_run-02_stim-VLPFC_sm-6
/data/projects/klab/rutgers-r21/derivatives/Tensor_ICA/sub-214/preproc_task-rest_run-04_stim-SHAMBOTH_sm-6
/data/projects/klab/rutgers-r21/derivatives/Tensor_ICA/sub-214/preproc_task-rest_run-01_stim-BOTH_sm-6
/data/projects/klab/rutgers-r21/derivatives/Tensor_ICA/sub-207/preproc_task-rest_run-02_stim-SHAMBOTH_sm-6
/data/projects/klab/rutgers-r21/derivatives/Tensor_ICA/sub-207/preproc_task-rest_run-04_stim-RPTJ_sm-6
/data/projects/klab/rutgers-r21/derivatives/Tensor_ICA/sub-207/preproc_task-rest_run-01_stim-VLPFC_sm-6
/data/projects/klab/rutgers-r21/derivatives/Tensor_ICA/sub-207/preproc_task-rest_run-03_stim-BOTH_sm-6
/data/projects/klab/rutgers-r21/derivatives/Tensor_ICA/sub-203/preproc_task-rest_run-04_stim-VLPFC_sm-6
/data/projects/klab/rutgers-r21/derivatives/Tensor_ICA/sub-203/preproc_task-rest_run-03_stim-SHAMBOTH_sm-6
/data/projects/klab/rutgers-r21/derivatives/Tensor_ICA/sub-203/preproc_task-rest_run-01_stim-RPTJ_sm-6
/data/projects/klab/rutgers-r21/derivatives/Tensor_ICA/sub-203/preproc_task-rest_run-02_stim-BOTH_sm-6
/data/projects/klab/rutgers-r21/derivatives/Tensor_ICA/sub-219/preproc_task-rest_run-01_stim-BOTH_sm-6
/data/projects/klab/rutgers-r21/derivatives/Tensor_ICA/sub-219/preproc_task-rest_run-03_stim-RPTJ_sm-6
/data/projects/klab/rutgers-r21/derivatives/Tensor_ICA/sub-219/preproc_task-rest_run-02_stim-VLPFC_sm-6
/data/projects/klab/rutgers-r21/derivatives/Tensor_ICA/sub-219/preproc_task-rest_run-04_stim-SHAMBOTH_sm-6
/data/projects/klab/rutgers-r21/derivatives/Tensor_ICA/sub-217/preproc_task-rest_run-04_stim-VLPFC_sm-6
/data/projects/klab/rutgers-r21/derivatives/Tensor_ICA/sub-217/preproc_task-rest_run-02_stim-BOTH_sm-6
/data/projects/klab/rutgers-r21/derivatives/Tensor_ICA/sub-217/preproc_task-rest_run-01_stim-RPTJ_sm-6
/data/projects/klab/rutgers-r21/derivatives/Tensor_ICA/sub-217/preproc_task-rest_run-03_stim-SHAMBOTH_sm-6
/data/projects/klab/rutgers-r21/derivatives/Tensor_ICA/sub-211/preproc_task-rest_run-03_stim-RPTJ_sm-6
/data/projects/klab/rutgers-r21/derivatives/Tensor_ICA/sub-211/preproc_task-rest_run-04_stim-SHAMBOTH_sm-6
/data/projects/klab/rutgers-r21/derivatives/Tensor_ICA/sub-211/preproc_task-rest_run-01_stim-BOTH_sm-6
/data/projects/klab/rutgers-r21/derivatives/Tensor_ICA/sub-211/preproc_task-rest_run-02_stim-VLPFC_sm-6
/data/projects/klab/rutgers-r21/derivatives/Tensor_ICA/sub-225/preproc_task-rest_run-01_stim-BOTH_sm-6
/data/projects/klab/rutgers-r21/derivatives/Tensor_ICA/sub-225/preproc_task-rest_run-04_stim-SHAMBOTH_sm-6
/data/projects/klab/rutgers-r21/derivatives/Tensor_ICA/sub-225/preproc_task-rest_run-03_stim-RPTJ_sm-6
/data/projects/klab/rutgers-r21/derivatives/Tensor_ICA/sub-225/preproc_task-rest_run-02_stim-VLPFC_sm-6
/data/projects/klab/rutgers-r21/derivatives/Tensor_ICA/sub-208/preproc_task-rest_run-04_stim-SHAMBOTH_sm-6
/data/projects/klab/rutgers-r21/derivatives/Tensor_ICA/sub-208/preproc_task-rest_run-01_stim-BOTH_sm-6
/data/projects/klab/rutgers-r21/derivatives/Tensor_ICA/sub-208/preproc_task-rest_run-02_stim-VLPFC_sm-6
/data/projects/klab/rutgers-r21/derivatives/Tensor_ICA/sub-208/preproc_task-rest_run-03_stim-RPTJ_sm-6
/data/projects/klab/rutgers-r21/derivatives/Tensor_ICA/sub-230/preproc_task-rest_run-02_stim-RPTJ_sm-6
/data/projects/klab/rutgers-r21/derivatives/Tensor_ICA/sub-230/preproc_task-rest_run-04_stim-BOTH_sm-6
/data/projects/klab/rutgers-r21/derivatives/Tensor_ICA/sub-230/preproc_task-rest_run-03_stim-VLPFC_sm-6
/data/projects/klab/rutgers-r21/derivatives/Tensor_ICA/sub-230/preproc_task-rest_run-01_stim-SHAMBOTH_sm-6
